<?xml version="1.0" encoding="UTF-8"?>
<testsuite xmlns:xsi="http://www.w3.org/2001/XMLSchema-instance" xsi:schemaLocation="https://maven.apache.org/surefire/maven-surefire-plugin/xsd/surefire-test-report.xsd" name="com.neilwilcoxson.yahtzy.PlayerTest" time="0.006" tests="3" errors="0" skipped="0" failures="0">
  <properties>
[...]
</properties>
  <testcase name="removePlayer" classname="com.neilwilcoxson.yahtzy.PlayerTest" time="0"/>
  <testcase name="customPlayer" classname="com.neilwilcoxson.yahtzy.PlayerTest" time="0.004"/>
  <testcase name="defaultPlayer" classname="com.neilwilcoxson.yahtzy.PlayerTest" time="0"/>
</testsuite>